build/app/intermediates/manifest_merge_blame_file/debug/processDebugMainManifest/manifest-merger-blame-debug-report.txt
1<?xml version="1.0" encoding="utf-8"?>
2<manifest xmlns:android="http://schemas.android.com/apk/res/android"
3    package="com.hdfcbank.iha.amigouatintunemdm"
4    android:versionCode="1"
5    android:versionName="1.0.0" >
6
7    <uses-sdk
8        android:minSdkVersion="21"
9        android:targetSdkVersion="35" />
10    <!--
11         The INTERNET permission is required for development. Specifically,
12         the Flutter tool needs it to communicate with the running application
13         to allow setting breakpoints, to provide hot reload, etc.
14    -->
15    <uses-permission android:name="android.permission.INTERNET" />
15-->src\main\AndroidManifest.xml:3:2-64
15-->src\main\AndroidManifest.xml:3:19-61
16    <uses-permission android:name="android.permission.READ_PHONE_STATE" />
16-->src\main\AndroidManifest.xml:2:5-75
16-->src\main\AndroidManifest.xml:2:22-72
17    <uses-permission android:name="android.permission.ACCESS_NETWORK_STATE" />
17-->src\main\AndroidManifest.xml:4:2-76
17-->src\main\AndroidManifest.xml:4:19-73
18    <!--
19 Required to query activities that can process text, see:
20         https://developer.android.com/training/package-visibility and
21         https://developer.android.com/reference/android/content/Intent#ACTION_PROCESS_TEXT.
22
23         In particular, this is used by the Flutter engine in io.flutter.plugin.text.ProcessTextPlugin.
24    -->
25    <queries>
25-->src\main\AndroidManifest.xml:42:5-47:15
26        <intent>
26-->src\main\AndroidManifest.xml:43:9-46:18
27            <action android:name="android.intent.action.PROCESS_TEXT" />
27-->src\main\AndroidManifest.xml:44:13-72
27-->src\main\AndroidManifest.xml:44:21-70
28
29            <data android:mimeType="text/plain" />
29-->src\main\AndroidManifest.xml:45:13-50
29-->src\main\AndroidManifest.xml:45:19-48
30        </intent>
31    </queries>
32
33    <uses-permission android:name="android.permission.POST_NOTIFICATIONS" />
33-->[:awesome_notifications] AndroidManifest.xml:7:5-77
33-->[:awesome_notifications] AndroidManifest.xml:7:22-74
34    <uses-permission android:name="android.permission.BROADCAST_CLOSE_SYSTEM_DIALOGS" />
34-->[:awesome_notifications] AndroidManifest.xml:8:5-89
34-->[:awesome_notifications] AndroidManifest.xml:8:22-86
35    <uses-permission android:name="android.permission.RECEIVE_BOOT_COMPLETED" />
35-->[:awesome_notifications] AndroidManifest.xml:9:5-81
35-->[:awesome_notifications] AndroidManifest.xml:9:22-78
36    <uses-permission android:name="android.permission.VIBRATE" />
36-->[:awesome_notifications] AndroidManifest.xml:10:5-66
36-->[:awesome_notifications] AndroidManifest.xml:10:22-63
37    <uses-permission android:name="android.permission.WAKE_LOCK" />
37-->[:firebase_messaging] AndroidManifest.xml:8:5-68
37-->[:firebase_messaging] AndroidManifest.xml:8:22-65
38    <uses-permission
38-->[me.carda:AndroidAwnCore:0.8.3] AndroidManifest.xml:10:5-12:38
39        android:name="android.permission.BIND_NOTIFICATION_LISTENER_SERVICE"
39-->[me.carda:AndroidAwnCore:0.8.3] AndroidManifest.xml:11:9-77
40        android:maxSdkVersion="22" /> <!-- Required by older versions of Google Play services to create IID tokens -->
40-->[me.carda:AndroidAwnCore:0.8.3] AndroidManifest.xml:12:9-35
41    <uses-permission android:name="com.google.android.c2dm.permission.RECEIVE" />
41-->[com.google.firebase:firebase-messaging:23.4.1] AndroidManifest.xml:26:5-82
41-->[com.google.firebase:firebase-messaging:23.4.1] AndroidManifest.xml:26:22-79
42
43    <permission
43-->[androidx.core:core:1.13.1] AndroidManifest.xml:22:5-24:47
44        android:name="com.hdfcbank.iha.amigouatintunemdm.DYNAMIC_RECEIVER_NOT_EXPORTED_PERMISSION"
44-->[androidx.core:core:1.13.1] AndroidManifest.xml:23:9-81
45        android:protectionLevel="signature" />
45-->[androidx.core:core:1.13.1] AndroidManifest.xml:24:9-44
46
47    <uses-permission android:name="com.hdfcbank.iha.amigouatintunemdm.DYNAMIC_RECEIVER_NOT_EXPORTED_PERMISSION" /> <!-- for android -->
47-->[androidx.core:core:1.13.1] AndroidManifest.xml:26:5-97
47-->[androidx.core:core:1.13.1] AndroidManifest.xml:26:22-94
48    <!-- <uses-permission android:name="com.android.launcher.permission.READ_SETTINGS"/> -->
49    <!-- <uses-permission android:name="com.android.launcher.permission.WRITE_SETTINGS"/> -->
50    <!-- <uses-permission android:name="com.android.launcher.permission.INSTALL_SHORTCUT" /> -->
51    <!-- <uses-permission android:name="com.android.launcher.permission.UNINSTALL_SHORTCUT" /> -->
52    <!-- for Samsung -->
53    <uses-permission android:name="com.sec.android.provider.badge.permission.READ" />
53-->[me.leolin:ShortcutBadger:1.1.22] AndroidManifest.xml:19:5-86
53-->[me.leolin:ShortcutBadger:1.1.22] AndroidManifest.xml:19:22-83
54    <uses-permission android:name="com.sec.android.provider.badge.permission.WRITE" /> <!-- for htc -->
54-->[me.leolin:ShortcutBadger:1.1.22] AndroidManifest.xml:20:5-87
54-->[me.leolin:ShortcutBadger:1.1.22] AndroidManifest.xml:20:22-84
55    <uses-permission android:name="com.htc.launcher.permission.READ_SETTINGS" />
55-->[me.leolin:ShortcutBadger:1.1.22] AndroidManifest.xml:23:5-81
55-->[me.leolin:ShortcutBadger:1.1.22] AndroidManifest.xml:23:22-78
56    <uses-permission android:name="com.htc.launcher.permission.UPDATE_SHORTCUT" /> <!-- for sony -->
56-->[me.leolin:ShortcutBadger:1.1.22] AndroidManifest.xml:24:5-83
56-->[me.leolin:ShortcutBadger:1.1.22] AndroidManifest.xml:24:22-80
57    <uses-permission android:name="com.sonyericsson.home.permission.BROADCAST_BADGE" />
57-->[me.leolin:ShortcutBadger:1.1.22] AndroidManifest.xml:27:5-88
57-->[me.leolin:ShortcutBadger:1.1.22] AndroidManifest.xml:27:22-85
58    <uses-permission android:name="com.sonymobile.home.permission.PROVIDER_INSERT_BADGE" /> <!-- for apex -->
58-->[me.leolin:ShortcutBadger:1.1.22] AndroidManifest.xml:28:5-92
58-->[me.leolin:ShortcutBadger:1.1.22] AndroidManifest.xml:28:22-89
59    <uses-permission android:name="com.anddoes.launcher.permission.UPDATE_COUNT" /> <!-- for solid -->
59-->[me.leolin:ShortcutBadger:1.1.22] AndroidManifest.xml:31:5-84
59-->[me.leolin:ShortcutBadger:1.1.22] AndroidManifest.xml:31:22-81
60    <uses-permission android:name="com.majeur.launcher.permission.UPDATE_BADGE" /> <!-- for huawei -->
60-->[me.leolin:ShortcutBadger:1.1.22] AndroidManifest.xml:34:5-83
60-->[me.leolin:ShortcutBadger:1.1.22] AndroidManifest.xml:34:22-80
61    <uses-permission android:name="com.huawei.android.launcher.permission.CHANGE_BADGE" />
61-->[me.leolin:ShortcutBadger:1.1.22] AndroidManifest.xml:37:5-91
61-->[me.leolin:ShortcutBadger:1.1.22] AndroidManifest.xml:37:22-88
62    <uses-permission android:name="com.huawei.android.launcher.permission.READ_SETTINGS" />
62-->[me.leolin:ShortcutBadger:1.1.22] AndroidManifest.xml:38:5-92
62-->[me.leolin:ShortcutBadger:1.1.22] AndroidManifest.xml:38:22-89
63    <uses-permission android:name="com.huawei.android.launcher.permission.WRITE_SETTINGS" /> <!-- for ZUK -->
63-->[me.leolin:ShortcutBadger:1.1.22] AndroidManifest.xml:39:5-93
63-->[me.leolin:ShortcutBadger:1.1.22] AndroidManifest.xml:39:22-90
64    <uses-permission android:name="android.permission.READ_APP_BADGE" /> <!-- for OPPO -->
64-->[me.leolin:ShortcutBadger:1.1.22] AndroidManifest.xml:42:5-73
64-->[me.leolin:ShortcutBadger:1.1.22] AndroidManifest.xml:42:22-70
65    <uses-permission android:name="com.oppo.launcher.permission.READ_SETTINGS" />
65-->[me.leolin:ShortcutBadger:1.1.22] AndroidManifest.xml:45:5-82
65-->[me.leolin:ShortcutBadger:1.1.22] AndroidManifest.xml:45:22-79
66    <uses-permission android:name="com.oppo.launcher.permission.WRITE_SETTINGS" /> <!-- for EvMe -->
66-->[me.leolin:ShortcutBadger:1.1.22] AndroidManifest.xml:46:5-83
66-->[me.leolin:ShortcutBadger:1.1.22] AndroidManifest.xml:46:22-80
67    <uses-permission android:name="me.everything.badger.permission.BADGE_COUNT_READ" />
67-->[me.leolin:ShortcutBadger:1.1.22] AndroidManifest.xml:49:5-88
67-->[me.leolin:ShortcutBadger:1.1.22] AndroidManifest.xml:49:22-85
68    <uses-permission android:name="me.everything.badger.permission.BADGE_COUNT_WRITE" />
68-->[me.leolin:ShortcutBadger:1.1.22] AndroidManifest.xml:50:5-89
68-->[me.leolin:ShortcutBadger:1.1.22] AndroidManifest.xml:50:22-86
69
70    <application
71        android:name="android.app.Application"
72        android:appComponentFactory="androidx.core.app.CoreComponentFactory"
72-->[androidx.core:core:1.13.1] AndroidManifest.xml:28:18-86
73        android:debuggable="true"
74        android:extractNativeLibs="true"
75        android:icon="@mipmap/ic_launcher"
76        android:label="push_notification" >
77        <activity
78            android:name="com.example.push_notification.MainActivity"
79            android:configChanges="orientation|keyboardHidden|keyboard|screenSize|smallestScreenSize|locale|layoutDirection|fontScale|screenLayout|density|uiMode"
80            android:exported="true"
81            android:hardwareAccelerated="true"
82            android:launchMode="singleTop"
83            android:taskAffinity=""
84            android:theme="@style/LaunchTheme"
85            android:windowSoftInputMode="adjustResize" >
86
87            <!--
88                 Specifies an Android theme to apply to this Activity as soon as
89                 the Android process has started. This theme is visible to the user
90                 while the Flutter UI initializes. After that, this theme continues
91                 to determine the Window background behind the Flutter UI.
92            -->
93            <meta-data
94                android:name="io.flutter.embedding.android.NormalTheme"
95                android:resource="@style/NormalTheme" />
96
97            <intent-filter>
98                <action android:name="android.intent.action.MAIN" />
99
100                <category android:name="android.intent.category.LAUNCHER" />
101            </intent-filter>
102        </activity>
103        <!--
104             Don't delete the meta-data below.
105             This is used by the Flutter tool to generate GeneratedPluginRegistrant.java
106        -->
107        <meta-data
108            android:name="flutterEmbedding"
109            android:value="2" />
110
111        <receiver
111-->[:awesome_notifications] AndroidManifest.xml:13:9-15:39
112            android:name="me.carda.awesome_notifications.DartNotificationActionReceiver"
112-->[:awesome_notifications] AndroidManifest.xml:14:13-89
113            android:exported="true" />
113-->[:awesome_notifications] AndroidManifest.xml:15:13-36
114        <receiver
114-->[:awesome_notifications] AndroidManifest.xml:16:9-18:39
115            android:name="me.carda.awesome_notifications.DartDismissedNotificationReceiver"
115-->[:awesome_notifications] AndroidManifest.xml:17:13-92
116            android:exported="true" />
116-->[:awesome_notifications] AndroidManifest.xml:18:13-36
117        <receiver
117-->[:awesome_notifications] AndroidManifest.xml:19:9-21:39
118            android:name="me.carda.awesome_notifications.DartScheduledNotificationReceiver"
118-->[:awesome_notifications] AndroidManifest.xml:20:13-92
119            android:exported="true" />
119-->[:awesome_notifications] AndroidManifest.xml:21:13-36
120        <receiver
120-->[:awesome_notifications] AndroidManifest.xml:22:9-36:20
121            android:name="me.carda.awesome_notifications.DartRefreshSchedulesReceiver"
121-->[:awesome_notifications] AndroidManifest.xml:23:13-87
122            android:enabled="true"
122-->[:awesome_notifications] AndroidManifest.xml:24:13-35
123            android:exported="true" >
123-->[:awesome_notifications] AndroidManifest.xml:25:13-36
124            <intent-filter>
124-->[:awesome_notifications] AndroidManifest.xml:26:13-35:29
125                <category android:name="android.intent.category.DEFAULT" />
125-->[:awesome_notifications] AndroidManifest.xml:27:17-76
125-->[:awesome_notifications] AndroidManifest.xml:27:27-73
126
127                <action android:name="android.intent.action.BOOT_COMPLETED" />
127-->[:awesome_notifications] AndroidManifest.xml:29:17-79
127-->[:awesome_notifications] AndroidManifest.xml:29:25-76
128                <action android:name="android.intent.action.LOCKED_BOOT_COMPLETED" />
128-->[:awesome_notifications] AndroidManifest.xml:30:17-86
128-->[:awesome_notifications] AndroidManifest.xml:30:25-83
129                <action android:name="android.intent.action.MY_PACKAGE_REPLACED" />
129-->[:awesome_notifications] AndroidManifest.xml:31:17-84
129-->[:awesome_notifications] AndroidManifest.xml:31:25-81
130                <action android:name="android.intent.action.QUICKBOOT_POWERON" />
130-->[:awesome_notifications] AndroidManifest.xml:32:17-82
130-->[:awesome_notifications] AndroidManifest.xml:32:25-79
131                <action android:name="com.htc.intent.action.QUICKBOOT_POWERON" />
131-->[:awesome_notifications] AndroidManifest.xml:33:17-82
131-->[:awesome_notifications] AndroidManifest.xml:33:25-79
132                <action android:name="android.app.action.SCHEDULE_EXACT_ALARM_PERMISSION_STATE_CHANGED" />
132-->[:awesome_notifications] AndroidManifest.xml:34:17-107
132-->[:awesome_notifications] AndroidManifest.xml:34:25-104
133            </intent-filter>
134        </receiver>
135
136        <service
136-->[:awesome_notifications] AndroidManifest.xml:38:9-41:72
137            android:name="me.carda.awesome_notifications.DartBackgroundService"
137-->[:awesome_notifications] AndroidManifest.xml:39:13-80
138            android:exported="false"
138-->[:awesome_notifications] AndroidManifest.xml:40:13-37
139            android:permission="android.permission.BIND_JOB_SERVICE" />
139-->[:awesome_notifications] AndroidManifest.xml:41:13-69
140        <service
140-->[:awesome_notifications] AndroidManifest.xml:42:9-47:43
141            android:name="me.carda.awesome_notifications.core.services.ForegroundService"
141-->[:awesome_notifications] AndroidManifest.xml:43:13-90
142            android:enabled="true"
142-->[:awesome_notifications] AndroidManifest.xml:44:13-35
143            android:exported="false"
143-->[:awesome_notifications] AndroidManifest.xml:45:13-37
144            android:foregroundServiceType="phoneCall|phoneCall"
144-->[:awesome_notifications] AndroidManifest.xml:46:13-54
145            android:stopWithTask="true" />
145-->[:awesome_notifications] AndroidManifest.xml:47:13-40
146        <service
146-->[:firebase_messaging] AndroidManifest.xml:14:9-17:72
147            android:name="io.flutter.plugins.firebase.messaging.FlutterFirebaseMessagingBackgroundService"
147-->[:firebase_messaging] AndroidManifest.xml:15:13-107
148            android:exported="false"
148-->[:firebase_messaging] AndroidManifest.xml:16:13-37
149            android:permission="android.permission.BIND_JOB_SERVICE" />
149-->[:firebase_messaging] AndroidManifest.xml:17:13-69
150        <service
150-->[:firebase_messaging] AndroidManifest.xml:18:9-24:19
151            android:name="io.flutter.plugins.firebase.messaging.FlutterFirebaseMessagingService"
151-->[:firebase_messaging] AndroidManifest.xml:19:13-97
152            android:exported="false" >
152-->[:firebase_messaging] AndroidManifest.xml:20:13-37
153            <intent-filter>
153-->[:firebase_messaging] AndroidManifest.xml:21:13-23:29
154                <action android:name="com.google.firebase.MESSAGING_EVENT" />
154-->[:firebase_messaging] AndroidManifest.xml:22:17-78
154-->[:firebase_messaging] AndroidManifest.xml:22:25-75
155            </intent-filter>
156        </service>
157
158        <receiver
158-->[:firebase_messaging] AndroidManifest.xml:26:9-33:20
159            android:name="io.flutter.plugins.firebase.messaging.FlutterFirebaseMessagingReceiver"
159-->[:firebase_messaging] AndroidManifest.xml:27:13-98
160            android:exported="true"
160-->[:firebase_messaging] AndroidManifest.xml:28:13-36
161            android:permission="com.google.android.c2dm.permission.SEND" >
161-->[:firebase_messaging] AndroidManifest.xml:29:13-73
162            <intent-filter>
162-->[:firebase_messaging] AndroidManifest.xml:30:13-32:29
163                <action android:name="com.google.android.c2dm.intent.RECEIVE" />
163-->[:firebase_messaging] AndroidManifest.xml:31:17-81
163-->[:firebase_messaging] AndroidManifest.xml:31:25-78
164            </intent-filter>
165        </receiver>
166
167        <service
167-->[:firebase_messaging] AndroidManifest.xml:35:9-39:19
168            android:name="com.google.firebase.components.ComponentDiscoveryService"
168-->[:firebase_messaging] AndroidManifest.xml:35:18-89
169            android:directBootAware="true"
169-->[com.google.firebase:firebase-common:20.4.3] AndroidManifest.xml:32:13-43
170            android:exported="false" >
170-->[com.google.firebase:firebase-messaging:23.4.1] AndroidManifest.xml:56:13-37
171            <meta-data
171-->[:firebase_messaging] AndroidManifest.xml:36:13-38:85
172                android:name="com.google.firebase.components:io.flutter.plugins.firebase.messaging.FlutterFirebaseAppRegistrar"
172-->[:firebase_messaging] AndroidManifest.xml:37:17-128
173                android:value="com.google.firebase.components.ComponentRegistrar" />
173-->[:firebase_messaging] AndroidManifest.xml:38:17-82
174            <meta-data
174-->[:firebase_core] AndroidManifest.xml:9:13-11:85
175                android:name="com.google.firebase.components:io.flutter.plugins.firebase.core.FlutterFirebaseCoreRegistrar"
175-->[:firebase_core] AndroidManifest.xml:10:17-124
176                android:value="com.google.firebase.components.ComponentRegistrar" />
176-->[:firebase_core] AndroidManifest.xml:11:17-82
177            <meta-data
177-->[com.google.firebase:firebase-messaging:23.4.1] AndroidManifest.xml:57:13-59:85
178                android:name="com.google.firebase.components:com.google.firebase.messaging.FirebaseMessagingKtxRegistrar"
178-->[com.google.firebase:firebase-messaging:23.4.1] AndroidManifest.xml:58:17-122
179                android:value="com.google.firebase.components.ComponentRegistrar" />
179-->[com.google.firebase:firebase-messaging:23.4.1] AndroidManifest.xml:59:17-82
180            <meta-data
180-->[com.google.firebase:firebase-messaging:23.4.1] AndroidManifest.xml:60:13-62:85
181                android:name="com.google.firebase.components:com.google.firebase.messaging.FirebaseMessagingRegistrar"
181-->[com.google.firebase:firebase-messaging:23.4.1] AndroidManifest.xml:61:17-119
182                android:value="com.google.firebase.components.ComponentRegistrar" />
182-->[com.google.firebase:firebase-messaging:23.4.1] AndroidManifest.xml:62:17-82
183            <meta-data
183-->[com.google.firebase:firebase-installations:17.2.0] AndroidManifest.xml:15:13-17:85
184                android:name="com.google.firebase.components:com.google.firebase.installations.FirebaseInstallationsKtxRegistrar"
184-->[com.google.firebase:firebase-installations:17.2.0] AndroidManifest.xml:16:17-130
185                android:value="com.google.firebase.components.ComponentRegistrar" />
185-->[com.google.firebase:firebase-installations:17.2.0] AndroidManifest.xml:17:17-82
186            <meta-data
186-->[com.google.firebase:firebase-installations:17.2.0] AndroidManifest.xml:18:13-20:85
187                android:name="com.google.firebase.components:com.google.firebase.installations.FirebaseInstallationsRegistrar"
187-->[com.google.firebase:firebase-installations:17.2.0] AndroidManifest.xml:19:17-127
188                android:value="com.google.firebase.components.ComponentRegistrar" />
188-->[com.google.firebase:firebase-installations:17.2.0] AndroidManifest.xml:20:17-82
189            <meta-data
189-->[com.google.firebase:firebase-common-ktx:20.4.3] AndroidManifest.xml:12:13-14:85
190                android:name="com.google.firebase.components:com.google.firebase.ktx.FirebaseCommonLegacyRegistrar"
190-->[com.google.firebase:firebase-common-ktx:20.4.3] AndroidManifest.xml:13:17-116
191                android:value="com.google.firebase.components.ComponentRegistrar" />
191-->[com.google.firebase:firebase-common-ktx:20.4.3] AndroidManifest.xml:14:17-82
192            <meta-data
192-->[com.google.firebase:firebase-common:20.4.3] AndroidManifest.xml:35:13-37:85
193                android:name="com.google.firebase.components:com.google.firebase.FirebaseCommonKtxRegistrar"
193-->[com.google.firebase:firebase-common:20.4.3] AndroidManifest.xml:36:17-109
194                android:value="com.google.firebase.components.ComponentRegistrar" />
194-->[com.google.firebase:firebase-common:20.4.3] AndroidManifest.xml:37:17-82
195            <meta-data
195-->[com.google.firebase:firebase-datatransport:18.1.7] AndroidManifest.xml:27:13-29:85
196                android:name="com.google.firebase.components:com.google.firebase.datatransport.TransportRegistrar"
196-->[com.google.firebase:firebase-datatransport:18.1.7] AndroidManifest.xml:28:17-115
197                android:value="com.google.firebase.components.ComponentRegistrar" />
197-->[com.google.firebase:firebase-datatransport:18.1.7] AndroidManifest.xml:29:17-82
198        </service>
199
200        <provider
200-->[:firebase_messaging] AndroidManifest.xml:41:9-45:38
201            android:name="io.flutter.plugins.firebase.messaging.FlutterFirebaseMessagingInitProvider"
201-->[:firebase_messaging] AndroidManifest.xml:42:13-102
202            android:authorities="com.hdfcbank.iha.amigouatintunemdm.flutterfirebasemessaginginitprovider"
202-->[:firebase_messaging] AndroidManifest.xml:43:13-88
203            android:exported="false"
203-->[:firebase_messaging] AndroidManifest.xml:44:13-37
204            android:initOrder="99" />
204-->[:firebase_messaging] AndroidManifest.xml:45:13-35
205
206        <service
206-->[me.carda:AndroidAwnCore:0.8.3] AndroidManifest.xml:21:9-28:19
207            android:name="me.carda.awesome_notifications.core.managers.StatusBarManager"
207-->[me.carda:AndroidAwnCore:0.8.3] AndroidManifest.xml:22:13-89
208            android:exported="true"
208-->[me.carda:AndroidAwnCore:0.8.3] AndroidManifest.xml:23:13-36
209            android:label="My Notification Listener Service" >
209-->[me.carda:AndroidAwnCore:0.8.3] AndroidManifest.xml:24:13-61
210            <intent-filter>
210-->[me.carda:AndroidAwnCore:0.8.3] AndroidManifest.xml:25:13-27:29
211                <action android:name="android.service.notification.NotificationListenerService" />
211-->[me.carda:AndroidAwnCore:0.8.3] AndroidManifest.xml:26:17-99
211-->[me.carda:AndroidAwnCore:0.8.3] AndroidManifest.xml:26:25-96
212            </intent-filter>
213        </service>
214        <service
214-->[androidx.room:room-runtime:2.5.0] AndroidManifest.xml:24:9-28:63
215            android:name="androidx.room.MultiInstanceInvalidationService"
215-->[androidx.room:room-runtime:2.5.0] AndroidManifest.xml:25:13-74
216            android:directBootAware="true"
216-->[androidx.room:room-runtime:2.5.0] AndroidManifest.xml:26:13-43
217            android:exported="false" />
217-->[androidx.room:room-runtime:2.5.0] AndroidManifest.xml:27:13-37
218
219        <receiver
219-->[com.google.firebase:firebase-messaging:23.4.1] AndroidManifest.xml:29:9-40:20
220            android:name="com.google.firebase.iid.FirebaseInstanceIdReceiver"
220-->[com.google.firebase:firebase-messaging:23.4.1] AndroidManifest.xml:30:13-78
221            android:exported="true"
221-->[com.google.firebase:firebase-messaging:23.4.1] AndroidManifest.xml:31:13-36
222            android:permission="com.google.android.c2dm.permission.SEND" >
222-->[com.google.firebase:firebase-messaging:23.4.1] AndroidManifest.xml:32:13-73
223            <intent-filter>
223-->[:firebase_messaging] AndroidManifest.xml:30:13-32:29
224                <action android:name="com.google.android.c2dm.intent.RECEIVE" />
224-->[:firebase_messaging] AndroidManifest.xml:31:17-81
224-->[:firebase_messaging] AndroidManifest.xml:31:25-78
225            </intent-filter>
226
227            <meta-data
227-->[com.google.firebase:firebase-messaging:23.4.1] AndroidManifest.xml:37:13-39:40
228                android:name="com.google.android.gms.cloudmessaging.FINISHED_AFTER_HANDLED"
228-->[com.google.firebase:firebase-messaging:23.4.1] AndroidManifest.xml:38:17-92
229                android:value="true" />
229-->[com.google.firebase:firebase-messaging:23.4.1] AndroidManifest.xml:39:17-37
230        </receiver>
231        <!--
232             FirebaseMessagingService performs security checks at runtime,
233             but set to not exported to explicitly avoid allowing another app to call it.
234        -->
235        <service
235-->[com.google.firebase:firebase-messaging:23.4.1] AndroidManifest.xml:46:9-53:19
236            android:name="com.google.firebase.messaging.FirebaseMessagingService"
236-->[com.google.firebase:firebase-messaging:23.4.1] AndroidManifest.xml:47:13-82
237            android:directBootAware="true"
237-->[com.google.firebase:firebase-messaging:23.4.1] AndroidManifest.xml:48:13-43
238            android:exported="false" >
238-->[com.google.firebase:firebase-messaging:23.4.1] AndroidManifest.xml:49:13-37
239            <intent-filter android:priority="-500" >
239-->[:firebase_messaging] AndroidManifest.xml:21:13-23:29
240                <action android:name="com.google.firebase.MESSAGING_EVENT" />
240-->[:firebase_messaging] AndroidManifest.xml:22:17-78
240-->[:firebase_messaging] AndroidManifest.xml:22:25-75
241            </intent-filter>
242        </service>
243
244        <activity
244-->[com.google.android.gms:play-services-base:18.0.1] AndroidManifest.xml:20:9-22:45
245            android:name="com.google.android.gms.common.api.GoogleApiActivity"
245-->[com.google.android.gms:play-services-base:18.0.1] AndroidManifest.xml:20:19-85
246            android:exported="false"
246-->[com.google.android.gms:play-services-base:18.0.1] AndroidManifest.xml:22:19-43
247            android:theme="@android:style/Theme.Translucent.NoTitleBar" />
247-->[com.google.android.gms:play-services-base:18.0.1] AndroidManifest.xml:21:19-78
248
249        <provider
249-->[com.google.firebase:firebase-common:20.4.3] AndroidManifest.xml:23:9-28:39
250            android:name="com.google.firebase.provider.FirebaseInitProvider"
250-->[com.google.firebase:firebase-common:20.4.3] AndroidManifest.xml:24:13-77
251            android:authorities="com.hdfcbank.iha.amigouatintunemdm.firebaseinitprovider"
251-->[com.google.firebase:firebase-common:20.4.3] AndroidManifest.xml:25:13-72
252            android:directBootAware="true"
252-->[com.google.firebase:firebase-common:20.4.3] AndroidManifest.xml:26:13-43
253            android:exported="false"
253-->[com.google.firebase:firebase-common:20.4.3] AndroidManifest.xml:27:13-37
254            android:initOrder="100" />
254-->[com.google.firebase:firebase-common:20.4.3] AndroidManifest.xml:28:13-36
255
256        <uses-library
256-->[androidx.window:window:1.2.0] AndroidManifest.xml:23:9-25:40
257            android:name="androidx.window.extensions"
257-->[androidx.window:window:1.2.0] AndroidManifest.xml:24:13-54
258            android:required="false" />
258-->[androidx.window:window:1.2.0] AndroidManifest.xml:25:13-37
259        <uses-library
259-->[androidx.window:window:1.2.0] AndroidManifest.xml:26:9-28:40
260            android:name="androidx.window.sidecar"
260-->[androidx.window:window:1.2.0] AndroidManifest.xml:27:13-51
261            android:required="false" />
261-->[androidx.window:window:1.2.0] AndroidManifest.xml:28:13-37
262
263        <meta-data
263-->[com.google.android.gms:play-services-basement:18.3.0] AndroidManifest.xml:21:9-23:69
264            android:name="com.google.android.gms.version"
264-->[com.google.android.gms:play-services-basement:18.3.0] AndroidManifest.xml:22:13-58
265            android:value="@integer/google_play_services_version" />
265-->[com.google.android.gms:play-services-basement:18.3.0] AndroidManifest.xml:23:13-66
266
267        <provider
267-->[androidx.emoji2:emoji2:1.2.0] AndroidManifest.xml:24:9-32:20
268            android:name="androidx.startup.InitializationProvider"
268-->[androidx.emoji2:emoji2:1.2.0] AndroidManifest.xml:25:13-67
269            android:authorities="com.hdfcbank.iha.amigouatintunemdm.androidx-startup"
269-->[androidx.emoji2:emoji2:1.2.0] AndroidManifest.xml:26:13-68
270            android:exported="false" >
270-->[androidx.emoji2:emoji2:1.2.0] AndroidManifest.xml:27:13-37
271            <meta-data
271-->[androidx.emoji2:emoji2:1.2.0] AndroidManifest.xml:29:13-31:52
272                android:name="androidx.emoji2.text.EmojiCompatInitializer"
272-->[androidx.emoji2:emoji2:1.2.0] AndroidManifest.xml:30:17-75
273                android:value="androidx.startup" />
273-->[androidx.emoji2:emoji2:1.2.0] AndroidManifest.xml:31:17-49
274            <meta-data
274-->[androidx.lifecycle:lifecycle-process:2.7.0] AndroidManifest.xml:29:13-31:52
275                android:name="androidx.lifecycle.ProcessLifecycleInitializer"
275-->[androidx.lifecycle:lifecycle-process:2.7.0] AndroidManifest.xml:30:17-78
276                android:value="androidx.startup" />
276-->[androidx.lifecycle:lifecycle-process:2.7.0] AndroidManifest.xml:31:17-49
277            <meta-data
277-->[androidx.profileinstaller:profileinstaller:1.3.1] AndroidManifest.xml:29:13-31:52
278                android:name="androidx.profileinstaller.ProfileInstallerInitializer"
278-->[androidx.profileinstaller:profileinstaller:1.3.1] AndroidManifest.xml:30:17-85
279                android:value="androidx.startup" />
279-->[androidx.profileinstaller:profileinstaller:1.3.1] AndroidManifest.xml:31:17-49
280        </provider>
281
282        <receiver
282-->[androidx.profileinstaller:profileinstaller:1.3.1] AndroidManifest.xml:34:9-52:20
283            android:name="androidx.profileinstaller.ProfileInstallReceiver"
283-->[androidx.profileinstaller:profileinstaller:1.3.1] AndroidManifest.xml:35:13-76